Change Component Designator: Old Designator=C31 New Designator=C29
Change Component Designator: Old Designator=C32 New Designator=C30
Change Component Designator: Old Designator=C33 New Designator=C32
Change Component Designator: Old Designator=C34 New Designator=C33
Change Component Designator: Old Designator=C35 New Designator=C34
Change Component Designator: Old Designator=C36 New Designator=C35
Change Component Designator: Old Designator=C37 New Designator=C36
Change Component Designator: Old Designator=C38 New Designator=C37
Change Component Designator: Old Designator=C? New Designator=C31
Change Component Designator: Old Designator=R28 New Designator=R26
Change Component Designator: Old Designator=R29 New Designator=R27
Change Component Designator: Old Designator=R30 New Designator=R29
Change Component Designator: Old Designator=R31 New Designator=R30
Change Component Designator: Old Designator=R32 New Designator=R31
Change Component Designator: Old Designator=R33 New Designator=R32
Change Component Designator: Old Designator=R34 New Designator=R33
Change Component Designator: Old Designator=R35 New Designator=R34
Change Component Designator: Old Designator=R36 New Designator=R35
Change Component Designator: Old Designator=R37 New Designator=R36
Change Component Designator: Old Designator=R38 New Designator=R37
Change Component Designator: Old Designator=R39 New Designator=R38
Change Component Designator: Old Designator=R40 New Designator=R39
Change Component Designator: Old Designator=R? New Designator=R28
Change Component Designator: Old Designator=S3 New Designator=S2
Change Component Designator: Old Designator=S? New Designator=S1
