Change Component Designator: Old Designator=C18 New Designator=C19
Change Component Designator: Old Designator=C19 New Designator=C18
Change Component Designator: Old Designator=Q4 New Designator=Q5
Change Component Designator: Old Designator=Q? New Designator=Q4
Change Component Designator: Old Designator=R8 New Designator=R9
Change Component Designator: Old Designator=R9 New Designator=R10
Change Component Designator: Old Designator=R10 New Designator=R11
Change Component Designator: Old Designator=R15 New Designator=R17
Change Component Designator: Old Designator=R16 New Designator=R18
Change Component Designator: Old Designator=R17 New Designator=R19
Change Component Designator: Old Designator=R18 New Designator=R20
Change Component Designator: Old Designator=R19 New Designator=R21
Change Component Designator: Old Designator=R20 New Designator=R22
Change Component Designator: Old Designator=R21 New Designator=R23
Change Component Designator: Old Designator=R22 New Designator=R24
Change Component Designator: Old Designator=R23 New Designator=R25
Change Component Designator: Old Designator=R24 New Designator=R26
Change Component Designator: Old Designator=R25 New Designator=R27
Change Component Designator: Old Designator=R26 New Designator=R28
Change Component Designator: Old Designator=R27 New Designator=R29
Change Component Designator: Old Designator=R28 New Designator=R30
Change Component Designator: Old Designator=R29 New Designator=R31
Change Component Designator: Old Designator=R30 New Designator=R32
Change Component Designator: Old Designator=R31 New Designator=R33
Change Component Designator: Old Designator=R32 New Designator=R34
Change Component Designator: Old Designator=R33 New Designator=R35
Change Component Designator: Old Designator=R34 New Designator=R36
Change Component Designator: Old Designator=R35 New Designator=R37
Change Component Designator: Old Designator=R36 New Designator=R38
Change Component Designator: Old Designator=R37 New Designator=R39
Change Component Designator: Old Designator=R38 New Designator=R40
Change Component Designator: Old Designator=R39 New Designator=R41
Change Component Designator: Old Designator=R? New Designator=R8
Change Component Designator: Old Designator=R? New Designator=R15
Change Component Designator: Old Designator=R? New Designator=R16
